4429
3767 124 481756124
124 655 35108775
655 770 154224071
1766 1205 98435031
1205 770 87182157
124 39 445529510
176 39 337824620
39 419 89956257
419 856 1638400
1174 2260 339623474
1174 856 84380433
419 3829 328070820
39 2441 62004240
2441 3793 453626756
39 21 1050621492
1951 1791 109301625
1791 331 382180363
2602 1807 409277146
1807 331 801737172
331 601 101136961
601 2073 244630922
3932 2073 2399467
2073 3010 257967291
2073 3589 423568738
331 253 844665311
765 485 490261154
3184 485 452477355
485 569 450298227
569 1037 93562762
569 1115 299366680
1115 2664 365656637
485 2298 416894285
485 253 72240718
3452 253 423347086
253 1194 360986869
3192 1194 15551004
1194 2463 371581258
2463 3979 326814536
1194 4267 267880541
253 4222 132899650
253 96 597419011
2329 3625 19501497
2329 255 317291127
255 96 543744292
96 49 1573385122
2252 1220 207541547
3846 3395 363675525
3395 1220 366322230
1220 2880 89010926
1220 49 250767105
49 21 1704985397
3205 686 249545908
686 359 211862477
3027 359 345297070
359 604 323021365
604 2871 5377946
359 21 237917282
2835 21 87888749
21 95 1017234265
2555 4165 249028439
2555 810 89250286
2568 810 68529544
810 4028 347814877
810 444 33249927
3735 444 97508036
444 281 337525023
749 281 156944892
281 191 191668712
1566 1416 434205547
1416 1008 877575862
1008 1448 2416797
1008 191 546426035
2832 2916 249430399
2832 191 120977434
191 178 552617998
2903 2675 192245596
2675 262 354874379
262 207 723742721
4123 3634 350791109
3634 1009 739170839
1009 1924 355439429
2178 3141 307818350
2178 1924 30103991
1009 2334 138431880
1009 794 484742994
2314 794 83067519
794 207 397012386
207 609 545835613
609 1386 383940943
1961 1386 244458384
1386 2698 226526941
2698 2748 117105016
1386 3025 183959697
609 2935 102251364
207 178 818140316
178 357 149557619
3389 1352 277114553
1352 357 45764663
357 877 33865666
877 1001 512093599
1001 1024 551530109
1024 3688 261480695
1001 1210 206488488
2891 1210 77205270
178 418 166975482
1420 418 124623302
178 1407 597177166
1407 2726 88141479
3525 3042 298190690
4052 3042 99941090
3042 2726 289158467
1407 4403 366509009
178 95 902511198
1406 1166 166362429
1166 349 428463918
4409 349 73869863
349 887 203968508
1670 4012 204624602
1670 887 248380515
887 1131 21580399
3785 1131 83971325
1131 1905 162632134
2422 1905 273510885
3490 1905 354338184
1905 3253 479522588
1131 2428 433002223
887 1798 161151841
1798 2116 394684926
349 2192 150682814
3185 2192 413745375
2192 2532 251075272
2192 4244 21394218
349 95 144720168
3391 3891 109192865
3391 1149 170225993
4193 1149 436461916
1149 4129 28520895
1149 1075 609330328
2194 1075 150495398
1075 95 321257217
95 140 2373389736
140 1278 1128917142
1278 1617 772770091
1617 2841 285807836
2841 4194 23410918
140 1582 567185903
1582 1746 148498708
1582 2850 490833225
140 2237 184725951
2237 3398 223483903
95 3353 48227337
21 1863 421119900
1863 3554 296701051
21 16 1704941580
3818 2848 178205265
2848 795 47676307
3570 3080 225950891
3080 795 706736310
795 755 966920792
4410 4045 209885150
4045 2774 685135833
2774 755 911478759
755 2106 170950578
2106 3344 89817788
3344 3928 315570969
755 283 1633619525
3726 283 379984776
283 306 1117004471
3168 715 419081159
715 306 467067034
306 351 1215738649
2199 3689 147288431
2199 351 172130386
351 777 46328591
3382 777 228789000
777 1892 192218123
1892 2437 27601079
3374 2437 483089338
2437 3893 349972130
1892 2705 132800185
777 2893 292492887
351 839 119948008
2221 839 316337573
351 2894 1381793693
2894 3191 336340325
2894 3456 712020941
3456 3800 142741900
3456 3960 264539938
351 3516 436991
283 1672 253648443
1958 1672 175307862
283 46 664055027
1468 1301 364146799
1554 1301 361793051
1301 1916 82827435
1301 4339 84249075
1301 1104 366057969
4329 2493 57704820
2493 1621 220725215
1621 3151 53901682
1621 1104 441655778
2806 1104 178423220
3181 1104 270890748
1104 1316 401064906
1316 1817 47867956
1316 2017 26018357
1104 666 1058451576
3005 666 463220548
666 649 1270171431
3065 936 434572321
936 1639 48490440
1639 2448 211722890
936 649 614141278
1689 1125 302397364
2804 2019 284387213
4117 2971 401169320
2971 2019 888023773
2019 1125 965218277
1125 1178 224416179
1125 1053 1309797610
1053 649 1017846932
649 952 555230559
952 1071 292655228
649 963 963245916
2582 963 360729796
963 3407 733866106
3407 4402 338891702
963 3899 587106971
3899 4026 400534676
649 3581 29314029
649 4001 310094824
649 46 1130333446
3405 1087 334140264
1087 2082 601356537
2082 4003 469616769
1087 670 178353009
670 735 5414763
2369 2635 166758988
2369 735 211582817
4395 735 205077021
735 931 411633118
670 46 384341761
46 65 93351261
1795 888 68616093
888 1363 248393360
1983 1363 190367521
2656 2346 472245300
2346 1363 271446322
1363 1775 223093301
3479 1775 218421732
1775 2823 244496066
888 65 106567656
1376 4371 88927760
1376 65 27759645
46 121 107409225
121 2278 158202078
3947 2278 296723149
2278 3066 269916464
46 193 1060263235
3075 842 236024909
842 193 97796650
193 260 507687337
260 438 238412383
1526 961 79883166
4059 4334 45562557
4059 961 420688846
961 474 935217165
474 1133 97213244
474 438 356455861
438 1391 492329792
438 2647 48027445
3873 2647 145194785
193 2201 847117950
2201 3047 476847210
46 206 134771655
3749 319 246387530
319 333 103150637
2171 3129 244349076
2171 2163 203549157
2163 333 502693206
3892 333 13980629
333 2056 274747744
2056 2093 281494004
2056 4271 59064031
319 206 297943328
2218 1589 258547741
1589 206 421562393
3179 206 12579978
206 279 443362704
279 1280 200671505
206 1539 340406781
46 828 350584705
46 16 28705270
3292 63 409111370
63 1663 189699194
63 16 637832259
3074 2676 133610593
2676 672 461282820
3889 672 428582457
4183 672 246727305
672 16 1592841885
2729 16 413770632
16 60 3068297954
2133 3764 11121112
2133 1687 382222143
1687 3484 440457201
3484 4179 404518959
1687 1355 396364043
1355 681 138452437
3794 1915 222528409
3855 1915 205755154
1915 681 522949452
681 2268 445865211
681 3194 352865327
681 518 190226531
1787 890 239756789
4251 890 417264537
890 518 626732259
960 893 154337623
893 518 176951470
518 564 154873521
518 263 383519779
263 2597 372249283
263 167 405307979
167 302 379713830
1052 302 34619174
302 2547 284440901
3874 2954 130872183
2954 2547 185012261
167 60 454115466
605 60 297773351
1306 60 124687161
60 113 33541107
3149 3387 114445232
3149 113 169885096
60 134 50940870
3617 294 490561687
294 134 870380014
988 134 109731540
134 1491 134586256
1491 4009 177357476
134 1664 919762836
1664 1772 658972665
1772 1825 137954300
1825 3355 106723970
1772 4047 94758023
134 1728 100229593
1728 2153 134789928
60 311 1660782916
2326 1413 178130787
4312 1413 337675492
1413 1106 856046975
3259 1106 65967077
1106 311 836317764
311 941 1133923774
941 1163 685084084
1163 1307 164410156
2900 1307 55679552
3173 1307 346674647
1307 3116 219969052
1163 3235 158142734
941 1761 131573179
1761 3858 341025074
3858 4050 17730706
941 3569 200889437
941 3598 279736263
4272 3598 6434331
311 1777 1022881202
1777 2977 200358957
1777 3460 780452918
3460 3813 483825152
311 2590 49092142
60 341 522515840
341 700 684618162
700 1067 912153056
1067 1542 449908734
1768 1542 289316392
2855 1542 116515825
1542 1605 511307743
1605 2063 284842311
2063 2101 284552250
3852 3480 152536649
3480 2101 443646032
2101 4307 245597517
1605 3761 235273922
1542 1843 232165627
1067 1649 258746501
1067 3862 69376263
60 363 919144169
2027 363 45772204
2444 363 116112523
363 1121 597589257
1121 2002 617412132
2002 3809 456658647
60 944 834485648
944 1162 866602627
1162 1799 331098383
2129 2149 15840194
2129 1799 364103161
1799 3088 404694109
1162 2176 251566522
16 300 581368877
300 314 3224975
314 1439 103833121
2481 1439 356834765
1439 3468 662084434
3468 3631 377113654
3773 3631 92551030
314 1888 194220744
300 1821 373651960
3831 1821 398881896
1821 1839 370642605
1839 4106 282351775
1821 2397 226551185
1821 3084 157645826
1821 3271 242703007
16 5 263743440
1455 3289 72647388
1455 567 141233196
2802 567 246968708
3698 567 182604017
3771 567 332929405
567 375 961238027
3592 375 411227740
375 1102 155001485
375 291 1589429799
3126 2984 451954690
2984 291 538288788
291 200 1983039500
200 687 84676423
2921 2959 180126909
2921 687 100617446
200 3668 28866873
3668 3952 17683857
200 5 2172221673
5 128 937643934
1543 128 303231638
128 170 62054065
256 170 122236332
170 1594 99869068
170 2531 154415490
2531 3152 286581828
2531 3921 159667849
128 309 360705284
128 403 101232680
447 403 312703601
128 3016 768252383
3016 3304 416282911
3304 3351 189192904
3016 4421 450846745
128 4316 98832767
5 538 910692287
3614 2963 381146196
3968 2963 343055835
2963 2208 424346644
2208 1907 282183103
4114 1907 40995861
1907 975 462312383
3832 975 23879411
975 1632 332866420
1696 1632 70941801
2472 1632 180394589
1632 1699 352492580
1699 2445 191613078
1632 3334 653324204
3334 4167 240618110
975 906 91749462
1445 906 150049876
2347 906 425833159
3536 906 158452843
906 538 762690695
3815 538 123664131
538 773 1322323673
773 2033 1096856565
2033 2053 661284348
2053 2837 310180078
2837 4387 434519869
538 968 127235607
968 3457 170834956
538 2333 326234717
3332 2333 140563037
2333 4355 220954938
5 1 405178990
2190 1802 448223845
1802 2542 349505167
2542 2828 106945802
1802 1327 402614708
1327 1146 892908646
2505 1146 213101249
1146 626 1598798979
1677 1173 388145029
1715 1173 5650437
1173 626 826205604
1421 626 13257553
2926 626 772773
3501 3524 172166787
3501 626 9737683
626 691 94885552
3925 1734 247931385
1734 691 227589236
691 3477 12153383
626 308 2594706713
308 3650 43332633
4337 3650 161859991
308 221 2763830250
693 499 466301
499 431 363847598
431 1997 60916039
1997 4146 443137238
431 221 751267768
1925 1329 62599879
1329 2052 4345471
1329 221 393561241
221 4234 137196974
221 112 3956620492
377 112 165184810
112 648 495652812
4021 648 29814919
648 3746 488310086
112 657 500031916
657 4085 377026712
112 711 32010078
711 846 14571809
711 3542 395498090
112 3607 242488253
112 1 3155824738
3910 3439 87305295
3439 3297 521157873
3297 1 885028247
1 2 4424003171
1377 3363 164108275
4363 3363 333402117
3363 3526 409509844
1377 118 312370332
1635 1666 100108377
1666 2390 107016306
2390 3902 65161774
1635 118 397711630
118 1665 89689602
118 45 639289261
4220 1913 329533631
1913 144 571107811
144 45 922809336
2646 1498 493212772
1498 776 384418490
776 627 271987349
1779 627 230592003
627 45 325393015
3780 45 241745169
45 3719 414953170
45 8 1467959294
1425 986 205515454
1971 986 453010739
986 934 735792052
2755 934 189982314
934 689 508743816
689 278 582417447
2409 2038 448341083
2038 1470 553977026
1470 278 667977777
3406 2415 487689753
2415 2464 16640959
2415 1816 750328191
2586 1816 12363946
1816 2167 22716028
1816 278 744248954
278 229 1674648966
4077 3046 456200340
3046 1937 330081366
1937 229 379066919
4362 229 455526813
229 238 97050491
1418 739 299231037
739 3408 210900830
739 238 235125888
238 415 605820178
4369 415 43283249
415 1014 71928583
2296 1014 391322034
1014 3544 454761574
3544 3701 88727949
3544 4171 270584326
1014 3572 79149895
415 1361 553919939
2776 2295 424848268
2295 1361 148705438
1361 2681 263587827
415 1784 285233208
229 475 89063652
508 707 45115333
2186 2165 337405964
2165 1902 86259672
2168 1902 121467293
4087 2724 295981331
2724 1902 584149303
1902 707 379456608
707 1654 628886311
1654 4278 243769745
508 475 269439763
1574 475 77676898
475 1640 402698517
229 611 379780555
611 1118 147527543
611 1488 60505394
229 97 1671301987
692 3489 31742988
692 511 215787748
3493 511 217569729
511 2028 2809388
2028 2552 19824920
3189 2552 498877953
2552 2671 396984198
2552 2683 569415928
2683 3559 451154901
2683 4321 265676866
511 97 810451091
3306 1780 261981007
1780 788 186826765
2118 788 91188423
3492 2820 103050566
3748 2820 182694074
2820 788 562987154
788 2492 169595884
2492 3054 45328114
788 2913 88211532
788 97 733100118
97 8 3594333387
616 183 89793910
183 166 451704248
274 166 403384619
3752 914 177727443
914 1334 99926883
914 454 480244780
4372 454 192167513
454 166 699443909
166 335 1115045379
3762 2527 126562974
3890 2527 426879496
2527 335 286335974
335 336 990699379
336 1647 89599366
3732 1647 183698957
336 2248 439499843
335 2231 234615309
4294 2231 166815094
2231 2898 323350141
2231 4095 347282261
166 1713 276485596
166 4347 166257375
166 8 137288382
8 28 1187979800
28 36 881243753
102 36 294809572
1575 2669 177442029
1575 1383 137947053
2782 1383 327661495
1383 3039 217377663
1383 3903 70998425
1383 36 3387132
36 287 341051092
287 1493 648001005
2457 1904 285332993
3754 1904 318510731
4074 1904 405051343
4190 1904 321671146
1904 2570 447013067
1904 3730 411286047
1904 1587 480249239
1587 2151 467424128
2151 3860 197729737
1587 1493 99449250
1493 3702 350774991
36 662 582480833
1576 1110 197801014
2516 2817 225431113
2817 2978 237846853
2978 3969 379034286
2516 1854 184293278
3823 1854 253018673
1854 2991 407266650
2991 4024 5963937
2991 4335 339888184
1854 1110 347391321
4265 2979 218476676
2979 1110 238443892
1110 662 416884479
662 1253 468556049
662 4118 348806942
28 505 75042439
28 1059 364604988
28 1580 65264905
8 61 626829947
4327 1757 2607705
1757 2440 146507710
1757 674 142072695
2275 3538 128361385
2275 674 68937614
3527 674 194698288
674 61 678767256
61 578 589768539
578 741 103174499
578 1061 514714084
2621 1061 48419979
1061 1427 241548525
1427 2890 487517911
1061 1529 120458331
3182 1529 159187820
1061 2637 13567460
61 1041 304556450
3715 2853 138476819
2853 1641 203498761
1641 2668 383531892
1641 1041 181707487
1041 2610 276355938
8 2639 480793111
8 2 3182604413
187 4376 471690926
187 186 24765534
3454 2332 330985776
2332 186 444431073
2714 186 190078836
186 3132 353448935
186 152 93495684
3115 3103 494885542
3375 3103 214055577
3103 1867 1106285599
1867 938 627139597
1946 938 96069997
938 880 658410906
3362 1616 84219329
1616 1027 163656824
1027 880 263541457
880 436 891470717
436 344 408780735
3073 2183 352509459
2183 1070 810722441
1070 482 1145919127
1981 1412 380587857
1412 2313 56116363
3052 2313 156299490
1412 482 157451944
482 2988 340375929
482 344 1410192391
3241 2799 389473969
2799 1697 289676696
1697 3778 412168326
1697 1299 3647137
1299 1151 346815905
1151 515 23131373
2062 1737 16601817
2633 1737 247982515
1737 515 364817823
515 4060 57570090
515 344 226732200
2145 344 63039083
3331 3400 37449916
3331 344 373612069
344 1502 388353346
1502 1744 13651153
2605 1744 197676989
344 152 1612728373
599 152 68565905
152 2315 17150643
3939 2315 62632694
152 2865 6031953
152 2 1269976301
4291 2470 219162096
2470 243 440836977
243 2 140713736
1208 2 156781449
2 3 6297517982
2241 1408 20441595
1408 1187 395619513
4145 1187 208235993
1187 954 755456510
954 555 343215207
555 248 777658161
248 4 1274544967
576 4 228566685
4 878 474213446
878 1312 274638921
4 1451 201808709
1887 1451 300851565
1451 2659 457443514
4 2117 26879960
4 3 492623921
456 2074 317741158
2074 2811 62279879
2074 3190 403999868
3190 4135 166904975
456 451 79708608
4304 1509 277074060
1509 2483 239767103
2483 3998 318532501
1509 1447 484125613
1447 3820 220236619
1447 451 623402558
451 727 460969575
727 1686 184107424
1686 4000 209270855
451 6 248391578
965 6 98732514
2092 1399 273519846
4084 3420 102404425
4384 3420 167463145
3420 1399 370859567
1399 6 887667339
2365 6 467265327
2583 6 226332281
6 989 738117266
989 1724 473261932
6 3 943391233
4097 459 477704897
459 633 230212438
633 1081 70326781
2147 1081 410560924
459 20 650977788
1874 20 281119658
20 55 477071071
1818 1756 158981432
1756 779 547665170
779 55 775380879
4400 55 479147039
55 783 1197368433
783 1994 275626804
4257 1994 6615368
783 3673 458679442
55 2338 338997077
2338 2381 310295800
2338 3137 69437540
2338 3266 21948928
20 3090 110627317
20 14 706371108
56 158 167679863
3608 831 100199999
831 541 367955055
541 2622 142396113
2622 3412 394352280
541 158 499422699
838 2459 173578925
2459 3915 79858710
838 158 190571787
158 194 201151755
3850 194 86729255
194 1094 385219745
194 1565 329208455
1565 3219 195500546
158 1171 265228663
1171 1797 177262855
1171 2336 122225114
3316 2336 332102907
2336 4279 345256834
158 4111 356228167
56 2261 280603911
2261 3770 319882762
4224 3770 184355677
3770 4043 96917959
4326 4043 232792644
2261 3864 428581224
56 30 44035401
2258 743 198463823
3272 743 171100513
743 2453 577703297
2453 3085 98690286
743 195 219789614
3031 1274 477009342
1274 2466 219631201
2793 2466 211264710
1274 1000 691016868
1000 2370 145539365
2370 2768 542061847
2768 3237 304584275
1000 195 179763816
4202 4148 75791845
4148 1986 363977386
1986 2833 194719634
4394 3481 437527423
3481 3370 216527546
3370 2833 99854268
1986 1202 43585588
1202 195 110012256
2292 2337 192119946
2337 4071 357563742
2292 1609 62001268
1609 1258 454797645
1258 195 922392746
195 30 1382072386
4068 2344 382212900
2344 30 446422173
30 562 155012522
3004 562 17784681
562 1478 35940013
1478 4325 245608745
30 3704 46854530
30 14 1354890072
1368 72 277234516
1433 72 149806224
72 14 771126587
1806 111 267721109
111 876 360562579
876 925 39797996
876 2177 317727431
111 14 72810683
3842 1321 149535834
1321 334 544857523
4174 3386 368481251
3386 3317 536032728
3317 2212 431654894
2212 334 290123493
2245 334 346143784
4023 334 482300034
334 1371 485008500
2380 1371 496591863
3296 1371 132459663
1371 1930 995324720
1930 4004 552257040
4004 4172 255877859
1371 2362 319296787
2362 2503 109662733
334 2874 425472737
334 14 1025325241
1472 1343 167032404
3245 3699 79285057
3245 1343 398909779
1343 587 676649293
1912 2004 54905512
1912 587 47596323
587 14 994838986
1270 14 16926049
14 26 965196371
1373 443 34796323
2917 1911 163185646
1911 1443 190047514
1443 443 115607229
3198 1466 84677397
1466 443 418226927
3000 1989 183850856
3318 1989 310029298
1989 443 974890266
443 242 1740285129
2507 2489 492487275
2489 242 34006565
242 488 1974593487
3014 488 394871452
488 785 1254040984
1970 785 241941733
2323 785 222206984
785 1103 978523529
1103 1345 812533793
1345 2480 609536403
2480 3747 137766799
785 3684 277571371
488 1011 945399942
1011 1522 846689897
1522 3095 92710237
1522 4200 484546072
1011 4260 311612300
488 3123 137920854
4243 3123 285787180
488 3325 118401466
242 1137 108114026
242 2878 121551697
242 26 52043286
3302 619 102122261
619 4332 330919139
619 26 224112077
1596 26 286436440
26 190 749774316
190 729 539406662
729 4080 412130054
4080 4396 403846308
26 734 655340595
734 951 476274547
951 964 35512061
1246 964 417440530
951 2918 468534271
2918 3106 769750373
3106 3473 346629648
3805 3473 39455427
734 2014 391186418
26 3878 124989845
4139 3878 273341223
14 2423 227240825
2423 3212 81595198
14 3 4215844161
2427 1261 476626219
1261 726 465452346
726 732 171893020
732 3381 322986097
726 673 694029552
2525 2438 319989058
2438 1578 191362182
3243 1578 306292652
1578 1620 48454346
1578 1066 646503268
1066 830 1144558798
830 2084 416563775
2084 4338 435566307
830 673 468514202
1181 673 247807303
1458 673 131098895
673 1653 228891465
673 471 1683253281
2498 1748 475088380
1748 1525 853449983
1525 2125 383963435
1525 3830 35638475
1525 471 809850682
471 225 2081706323
2535 1819 32842074
1819 871 204317352
4112 871 310107736
871 2305 234191387
2305 2371 154199725
3424 2371 417791048
2371 2788 885877431
2788 3446 97174330
2788 3782 329959492
2305 2462 315192802
871 225 577461196
898 225 386649489
225 1058 5166255
225 3403 451590174
225 107 2257700763
3162 293 323128264
293 3164 38773010
3562 3164 320033748
293 107 764871791
107 3 3477109397
582 2501 288966431
2501 2904 322888732
582 147 66860650
1901 948 356678665
948 664 833134939
664 635 1309819585
2993 635 68008782
635 883 1072006189
883 1147 535327987
1147 1365 14094528
1147 2667 505985954
2667 2884 137779531
883 3965 226304247
635 147 310475823
675 147 297281596
3639 1962 358526527
1962 1311 757488173
1311 147 953559912
3177 147 173711105
147 1933 422781280
147 116 1238853186
116 1524 566181056
1524 2559 106877429
2559 2651 475043675
116 1809 261024089
116 109 844486517
537 109 288209218
109 2899 370562645
2899 4107 81123275
109 3 840652021
1471 1235 140001171
1235 3534 60024608
1235 617 308999633
617 424 591483533
804 424 102485380
2857 424 370554355
3283 424 246836425
424 3911 150164834
424 232 1167767836
232 503 366140163
643 1315 159199987
643 503 112747124
503 2677 366013684
4297 2677 145215407
2677 3161 204340840
3667 3161 234621332
2677 3507 353629846
503 3236 193717259
232 164 635104055
4154 3990 185891565
3990 3519 495013842
3519 439 799854834
4094 3884 322649595
3884 439 92087899
439 539 317231495
995 3062 58153599
995 539 129415389
439 614 779755552
614 2152 1040547888
2152 2364 667247591
2364 2632 485889777
2364 4210 349200578
614 3694 173430977
439 699 6881918
439 2607 69187304
439 164 211428467
2385 766 267550614
4058 766 411674274
766 164 320846183
164 271 897837981
271 376 415774133
376 992 438638915
271 462 583377111
462 4170 103676808
4273 4170 81667840
164 3196 215969741
164 3876 7763939
164 115 158473400
1740 927 431426452
927 1117 148224009
927 1658 386249065
927 620 209521086
1832 1054 246394039
1054 620 588978115
620 240 1249485815
240 115 983008605
827 115 476851931
1629 864 213619199
3588 4196 138857820
3588 2790 148147865
2790 1967 606763231
4218 1967 453445957
1967 2294 288755841
2294 4039 178440461
1967 2809 282354086
1967 864 129680976
864 881 300414079
3905 881 38447271
881 1614 66979966
4319 1614 293547761
1614 1702 614280634
1702 2254 168485251
2254 2883 230026103
864 115 4914177
1330 115 343984202
115 998 808180759
3510 998 29060982
998 3585 530785131
3585 4116 329943791
115 1088 272958943
1088 3369 211683992
3369 4036 167830679
115 1786 206245142
1786 2048 236112532
1786 2469 375352588
115 3 594786187
1260 1158 441388798
1848 1158 121452696
1158 3 790851207
2511 3 238292514
3 7 14528989975
2551 1218 95531785
1218 320 187327586
320 245 479968807
2640 1982 480376177
1982 2742 523126408
2742 3077 114769487
1982 245 146623460
245 2263 203335820
3828 2263 163601676
245 129 477834176
522 1928 186935929
4368 1928 104313362
522 129 23145316
2862 129 364354555
129 448 43320701
3649 2282 87455032
2282 448 527822819
448 547 126357509
448 2205 369954483
448 2645 129394327
129 1404 198149915
4238 1404 259019380
129 75 234066139
3197 2389 249963892
2389 1453 732207472
1453 1120 876549006
1120 2161 99908298
1120 2983 441785023
1120 3672 51656840
1120 75 174114984
2628 1985 312716484
3871 1985 357997060
4054 1985 384998122
1985 75 1221746708
75 270 1347076549
2174 270 118747268
270 317 843979441
317 329 1023390602
3522 1303 375845038
1303 329 328723715
329 652 437994205
3033 2209 421204188
2209 652 287187899
3497 2341 196808399
2341 652 479219927
652 1781 731428668
1781 3142 453890534
1781 3982 10370764
652 1914 199536685
329 2488 461086144
329 4320 81487242
270 867 378742068
867 2059 128866126
75 52 108449252
2896 2137 382970884
3340 2137 150192263
2137 1405 836328804
1405 1561 394238538
1405 3218 130765438
4430 3218 141850624
1405 216 91775402
2403 216 466285864
3851 4288 283471922
3851 216 23165380
216 724 159311732
2520 724 84485859
724 1508 201670107
216 3399 253670791
216 103 265345561
3034 2566 121461673
2566 556 600859361
556 103 620894534
1610 3826 22468403
1610 1599 368215014
1599 103 452027415
4264 3118 481951655
3118 103 980388491
103 198 667743505
2725 198 163316259
198 703 95768576
4027 3384 161304770
4187 3384 287422258
3384 703 864179824
703 2225 462628457
703 4153 241954111
198 1796 431684269
103 218 104485700
3070 2807 328339401
2807 218 578084768
218 422 534240754
422 523 546901052
2716 2367 330760968
2367 3883 242186973
2367 523 246273994
523 1155 612102343
1155 1360 276125741
1360 2778 306110286
218 490 299601275
103 761 368395913
103 892 92527557
3247 892 98875126
892 2662 5154824
103 101 695492127
101 156 49328254
1082 981 154993208
981 2728 409383626
981 899 190740185
899 3433 328101652
899 602 168420120
4076 2672 273707726
2672 1006 600896604
1006 2843 78642953
1006 602 488734887
602 494 232831432
3620 2944 286041531
2944 1637 274858520
1637 1572 619790088
1572 1519 1053451519
2018 1519 59409506
1519 494 875766905
3160 2868 198269097
2868 2720 313157995
2720 494 352454948
494 2609 249243621
494 2948 220236436
494 196 1093515406
196 184 1520634196
2229 184 448162480
184 2902 257278249
184 3207 198315985
184 156 1128992410
1532 1080 63922627
3410 2213 137142481
2213 1719 278554719
3662 3264 398406349
3264 1719 608572354
1719 1716 1078341275
3307 1716 474510400
1716 2474 142664599
1716 3742 493676697
1716 1080 996780559
2931 1080 487743657
1080 2695 289829436
1080 723 1677974585
4191 4065 331711483
4065 1563 703997179
1563 1109 993038057
1109 723 707415395
723 1090 362531727
723 1160 25629317
1160 1785 479470247
723 1300 358922612
723 559 1720958129
4416 4336 435622689
4336 2608 308174527
2608 1560 606901924
3122 1560 123312771
3657 1560 64481519
1560 1245 1091961634
4318 1868 76307883
1868 1245 345511584
4178 1245 447417869
1245 559 1492334124
3238 559 287642207
559 1387 460016022
559 156 2719780925
156 180 2797203937
2085 2368 69817512
2368 4274 430271950
2085 180 429643010
3215 180 340709207
180 381 881111324
381 465 708613049
4010 790 257504500
790 465 147764338
2700 465 396387260
2906 465 233042125
465 1144 295573822
1144 1906 316383400
1906 2982 85490219
465 2173 1552802664
2770 2173 127994597
2173 2408 1079782259
2408 2515 586846572
2515 4138 337564532
2408 2830 69734385
2830 3096 292512194
2173 3240 167134857
3240 3557 58651085
180 618 1509091366
618 640 574179510
640 2842 91256663
618 1474 63207027
618 2805 274352742
618 3944 69773357
3944 4306 442066295
618 4349 235670072
180 971 295334380
3676 2096 355334219
2096 971 52708240
180 1136 878098322
1136 1207 494775579
1207 3427 8733982
3427 3552 439179023
3552 3954 232528931
1136 1947 338939999
1136 2994 248949049
3563 2994 153916037
2994 3225 263842075
180 3841 74129188
156 639 113847100
1122 639 253040847
1398 1743 113608010
2236 1743 85461257
4181 3847 297039022
4263 3847 337339438
3847 1743 515015658
1743 2015 319784064
1743 3949 430709720
1398 639 14239389
3923 3221 84042774
3221 639 74666112
156 2100 513320840
2443 2100 88738335
2100 3234 460685458
3465 3234 325623534
3234 3319 371899885
156 3500 273657605
101 318 381675458
318 1845 519695134
1845 2591 166600583
1845 2737 289191914
1845 2909 8864908
101 457 347755183
101 83 84047519
1036 3824 255193584
1036 973 199467505
3817 1282 432213753
1282 1545 274067616
2512 1545 123036319
4049 3057 363007760
3057 1545 19636370
1545 1960 275934047
1282 973 460182868
2113 1674 469538357
1674 973 928898119
973 83 2069463797
83 1108 344271756
1108 1156 450195033
1156 2730 92772656
1156 3326 447871675
1108 1579 188767041
83 1169 426271399
1169 3434 416705660
83 2923 108086657
83 3651 19701636
83 52 1711526755
52 857 65595097
52 2181 243678154
52 3254 193575166
52 34 1646645329
1735 2560 37409029
1735 1569 87496690
1569 1430 175492186
1430 584 486806221
3712 584 280328489
584 544 893000242
4348 544 305507304
544 3645 205117738
544 345 962401541
1004 345 51480197
345 1611 252891162
3176 3091 69190086
3970 3091 290664993
4305 4185 211379390
4185 3091 529159920
3091 1611 927338786
3985 1611 338288630
1611 2692 928292754
2692 3580 607418054
3580 3791 861129084
3791 4188 416285440
1611 4124 489100345
345 117 704093396
908 401 352418736
1625 401 275846028
2579 401 86448312
401 2549 596021665
2549 3819 332147120
401 117 307994771
472 117 467695945
117 3545 383284125
117 34 966090754
4115 3127 63044660
3127 2929 317286115
2929 34 567384258
34 1091 160055410
1091 1165 248947318
1165 3029 358850510
1165 3599 316439838
34 25 2855425222
199 138 120953467
1185 1236 10050777
1185 138 464286123
2495 1661 414226114
1661 138 674573086
138 3470 108274616
138 47 1241389171
709 1938 291554572
2182 3933 391124751
2182 1938 50986987
709 151 32984954
2965 151 370549216
151 4427 380957751
151 47 495354974
4351 47 208924203
47 25 1529304482
1500 1092 359945932
1092 1326 231547978
1326 1571 469086600
1092 250 187947668
2713 2393 246105301
4233 2393 175826880
4299 2393 102387591
2393 2876 227853145
2876 3961 295828634
2393 2238 552827025
2238 250 959260522
250 25 858721179
3323 427 481889986
427 3566 220355879
427 25 359024111
1643 1331 179690331
2220 1331 415895873
3711 1331 384022774
1331 771 1365174571
1993 771 255052682
2956 771 61817592
771 25 1615111728
25 37 2731702474
1389 873 393728602
873 1929 162009044
873 854 442456887
2962 1353 350661037
1353 970 595575032
1972 1581 380436351
4425 2657 315733568
2657 1581 421802632
1581 1442 1012267447
1442 970 664939756
970 3838 315259132
970 854 901254969
1223 854 481715248
854 895 392700246
854 378 1497825627
378 435 100104753
1869 1031 22626470
3081 1031 489707311
1031 435 38543517
435 458 308763496
2870 2128 316453811
3955 2128 378109643
4303 2128 347426044
2128 458 914360542
458 762 157659993
762 1073 234553589
1073 3529 347851210
3758 3529 11779124
762 4168 32173516
458 3294 458614248
458 4231 384403233
378 542 274052229
3321 2689 25812487
2689 982 137088591
982 2293 226376447
982 3078 212867218
3078 3485 295489056
982 542 91799123
1380 542 406292392
1558 1597 140423469
1870 1597 102491367
4389 4413 228004153
4389 1597 31123134
1597 3946 235977631
3946 3976 344541065
1597 4295 87622293
1558 1481 198685466
2763 2377 216004860
2377 1984 269347403
1984 2164 117468681
1984 4149 125234325
4149 4404 113807098
1984 1481 71428303
4212 3418 139832969
3418 3345 80383831
3345 1481 392791637
1481 2629 23088034
2629 4051 293524758
1481 3442 338260452
1481 542 359576880
542 803 405379724
542 1263 1189077979
1263 1650 249536821
2945 1852 383553576
4082 1852 48820536
1852 2410 9648427
1852 1650 584173623
2159 1650 31064097
1650 2361 57264083
1650 3193 413869637
1263 2529 886470372
2529 4088 456840646
1263 2907 160818734
378 37 670221090
37 38 2356409054
38 73 593303662
600 565 130161140
902 565 124636713
565 2970 431371477
565 347 236096906
2936 2307 490234216
2307 1945 358415848
1945 1089 488612445
2061 1089 236291627
3146 1089 437209946
1089 347 1313568997
347 1769 235395465
347 3293 376869479
347 73 845085931
1564 4161 130681426
1564 510 128107663
1600 510 156523888
510 73 282995037
73 133 1382198564
2838 133 108210296
133 1025 554894585
1025 3447 397285674
133 2779 751884275
2779 3594 696610944
3594 4007 450425337
73 259 261025554
259 751 272411585
3546 751 38902356
38 171 354446923
1516 205 435285839
205 171 827568828
3957 3879 196397145
3973 3879 300668929
3879 1392 721032273
1392 429 928014523
429 651 484817002
2309 1700 344873352
1700 3017 368642448
1700 983 154481893
983 1308 73226797
1841 1308 48438007
1308 2132 476742948
2132 2822 395597392
983 712 216839153
712 2666 488430105
712 651 70339684
651 829 295339668
829 1212 125752163
1212 3051 425550498
651 1230 203600012
1230 1347 301199258
1347 1950 328413262
651 1755 142053037
429 1170 187440256
3505 1170 69614019
4144 1170 2577669
1170 1894 126853053
429 1227 21618658
429 3610 392427605
4280 3610 54997333
429 171 144783786
2596 171 338940606
4136 171 17378702
171 382 1050744816
2723 382 13071233
3086 382 137889530
382 492 853176288
1309 492 316940957
492 2543 294638490
492 3117 575343358
3117 4262 329084603
171 1651 153712530
1723 1651 107790130
4343 1651 266286739
1651 1826 302247012
1826 4164 289484075
171 1885 478549365
38 563 1151721652
563 1679 732486502
2867 2302 378816450
2302 1679 51229439
1679 4330 476456509
563 2383 32151172
563 2655 526228696
2655 2693 286379958
38 1385 69182568
38 1482 286824644
37 327 1128493444
327 374 575793246
374 2739 426352145
2739 2943 63949383
327 688 481609859
37 1045 1964940
37 1864 68130465
2202 1864 172546965
25 1547 150183850
1857 1547 54178993
25 2565 538081692
2565 3984 86628315
25 7 3894626016
3756 2391 268456001
2391 957 568773258
957 81 952798677
81 404 74363960
2265 1873 269717781
2611 3333 56473738
3768 3333 5603695
3333 4375 137200786
2611 2358 180311437
3357 2358 352949276
2358 1873 192050459
3843 1873 225679304
1873 966 694491369
966 404 689309182
3895 2648 297061845
4206 2648 131112339
2648 404 378831570
3394 3496 379013162
3394 404 64714684
404 421 632915329
1072 421 137919004
421 1028 193581157
421 1044 438520579
404 2216 140921783
2216 3983 399664980
81 64 1031409579
760 718 135267219
2636 2287 360565799
2810 2287 119514458
2287 1288 428386311
1288 718 738559638
718 1335 213158797
1335 1693 266487900
2436 1730 220444978
3404 3170 316243342
3170 2678 411997865
2678 1730 79647570
3083 1730 401427122
1730 3755 275582740
1730 1693 652589833
1693 3802 424955962
1335 2256 316757576
4379 2256 159450235
2256 2854 243495304
2256 3745 198551380
718 1836 623990944
1836 2170 27097708
3045 2170 451657231
1836 2175 180026178
4361 3032 334884164
3032 2175 70498106
1836 3744 406706223
718 346 418950578
346 2539 413934144
346 313 1273852
1619 1010 61077359
2722 1690 132368691
1690 1010 279127510
2509 1010 360008542
1010 4324 178641273
1010 442 416680994
3943 1142 208434883
1142 442 281291721
1254 442 473724577
442 860 543365179
860 2563 424580410
2563 3900 491054591
442 313 875509087
313 3714 2424204
4207 4292 224360651
4207 3714 152027609
313 214 1322641020
214 224 456380421
224 4424 119666122
214 2519 296508980
214 64 957701488
1269 3945 138562971
1269 64 304981951
64 396 477088701
396 1248 145754574
1248 4013 67097069
396 3003 321958849
3003 3669 245931959
396 3043 463379502
3043 3556 226278354
64 40 2107826935
3898 40 313311721
40 58 643324135
3023 4293 235581661
3023 348 153343473
348 82 39346527
2142 1676 377500444
1676 2124 162777017
3143 3466 202394805
3143 3779 12909540
3143 2124 135179905
1676 3612 110481564
4019 3612 245558873
1676 369 603290429
3314 2797 480830585
2797 2376 216503660
2376 369 89225714
369 2095 45992141
369 82 265695758
4131 3919 307197381
3919 636 779448351
636 82 849311246
1068 82 495981303
82 288 306374105
82 815 558144826
815 1393 855686487
3665 3327 448048403
3327 1393 522138944
1393 2081 1307451373
2081 3148 517146386
3148 3549 354637164
2081 4426 346584435
1393 2291 237445452
82 3048 125809827
82 58 1092913947
1435 1250 237061343
1250 244 511086830
2922 2612 87541496
2612 2355 428729437
2355 2496 159133665
2355 2246 641167342
2246 244 644376325
244 2759 251651304
244 212 1116005681
212 3622 191424643
212 175 1392138826
2475 2360 456117202
3203 2360 447661444
2360 324 1126928037
2846 324 455330763
324 677 658051931
677 2311 281956419
2311 4127 49839311
324 175 1018244024
175 2413 312989009
2413 2752 406518775
175 4211 7059234
175 120 2573158685
120 268 393233548
268 742 203925033
268 3367 257193215
120 2009 263587045
120 105 2117405208
534 105 220572725
105 570 1378262850
570 987 1086668430
987 1604 941373548
1604 3691 554382747
3691 4422 295256417
105 58 974462591
1469 3329 288038289
1469 58 6168160
2379 58 464156405
58 78 587217188
1153 4286 176725734
1153 94 206238756
2432 1680 267048497
1680 94 292413413
94 2601 413773382
2601 3593 380298948
94 78 407547755
1431 682 355433669
3550 682 473884601
682 78 366606554
78 384 142817136
2122 384 301849060
384 1549 374280330
78 391 852718815
391 4137 469277724
58 90 1645097642
90 201 851888037
2829 2006 259562082
3987 2006 77087023
2006 466 595594635
466 201 660631242
201 315 119333058
2297 453 486181425
453 315 354838242
201 586 1048353958
586 872 1506321612
872 1204 588491996
3364 3963 144438594
3364 1204 115404202
1204 2402 394447073
872 1891 484177000
872 3183 354508884
90 272 693798819
272 2127 186546983
3533 2127 297695993
272 3373 389377362
90 909 402559711
909 1129 45237172
909 3788 243756219
58 1623 276960159
1623 2200 206163942
58 1991 315371831
40 254 643527681
4415 4199 48421235
4199 254 382920842
254 775 835103367
1813 3880 138215369
1813 775 163212889
775 1464 322267775
775 2940 500802887
2940 3233 151822611
254 894 429497337
1050 2821 73690427
1050 894 118208481
894 2958 264434049
40 2224 450719233
40 7 522761713
1577 2764 99430868
1577 928 322670959
928 7 520443749
7 9 18708728802
3388 756 451289184
756 2750 71220508
756 177 774014498
3210 177 367894213
177 99 990515964
1302 956 292193219
2927 956 192076322
956 834 177362647
1556 834 185667319
834 99 159694469
3371 1861 437075393
1861 1289 851453647
1289 2491 388003020
2491 3262 188213247
2491 4032 157639400
1289 99 229540390
99 27 1032707033
812 464 283442864
464 623 225335228
464 380 428143257
1213 380 203826016
380 27 506142966
4098 780 126141926
780 3605 254723218
780 27 297062635
27 13 1390047257
3097 1051 237390638
1051 897 684288168
3674 897 54437371
3909 897 110383996
897 1801 100651909
1801 3908 190590869
897 498 685496365
2458 2112 120352342
2686 3044 46288953
2686 2112 22755221
2112 3648 420685392
2112 498 17314157
498 4382 11280366
498 211 716543478
2487 996 234243485
996 540 623224427
1489 540 208889804
540 211 353296326
211 126 660403487
373 304 382410120
1878 2798 30385478
1878 1544 337437564
1544 3361 174955344
1544 304 421629634
1608 304 388958488
3437 304 120005976
304 126 826293580
126 136 1709422231
410 967 100444079
967 1449 387967937
410 2283 45267225
3144 2384 135227773
2384 2283 174936765
410 2319 254636792
410 136 52791327
3502 136 169678534
136 149 320321585
149 901 292804504
149 1622 264207867
1828 1622 198564183
136 285 765621506
2235 2244 11811559
2235 763 178567013
3736 763 142365079
763 285 357809616
285 350 1259634423
350 653 568089798
653 2070 222439902
2070 2526 46327673
2526 2603 183109330
3986 2603 339109274
2603 3993 361160555
350 2257 162015042
3539 2521 61543253
2521 2257 44882762
350 2707 268290426
285 3230 126937974
3230 3378 347485245
3378 4100 189633966
136 496 193634138
136 1423 622998439
1423 3206 209859487
136 3521 376956111
3521 4365 475467866
126 100 157782556
2215 280 51187699
280 3753 153360938
280 153 392956343
3640 153 348521684
153 2126 57636930
153 100 938837128
1792 1667 399127944
3924 3441 480306670
3441 1667 461881714
1667 239 781493596
239 476 333982251
239 100 946645787
100 213 267182911
1968 213 49856355
2372 213 270324951
213 2156 426904582
100 13 1531834724
3167 13 132658015
13 79 1385905546
3922 3275 308299693
3275 2060 633584137
3358 2060 389003762
2060 2239 23644550
2060 1847 594868622
1847 1460 861615805
3244 1460 412003855
1460 3368 197394831
1460 573 592261714
573 558 671514732
558 434 809700625
434 282 1117098175
282 524 756029918
4302 3486 122054590
3486 4079 177446583
3486 3425 356988693
3425 714 369693919
714 1507 256186522
714 524 529370935
524 1760 665540443
1760 4142 244166570
524 2039 249519349
524 3214 430614724
282 79 829562414
79 433 497163570
3825 433 240963570
433 468 689567686
468 891 550939144
891 2524 274723676
79 513 1366050566
513 520 1038650298
553 520 109927066
520 1197 702593010
1197 1536 484280443
520 1411 291485196
513 813 9756879
813 1593 205445733
1593 1774 450843875
513 1016 422915968
3320 1016 31748504
1016 2888 473974236
79 1858 283789868
13 512 296769463
3337 3467 11402468
3337 1251 147556132
1251 1390 133892790
3069 1633 399811238
1633 1390 316006621
1811 2083 68044438
1811 1390 11094988
1251 3157 24140556
1251 3287 174873088
1251 512 39540914
512 3814 262956137
3814 3913 435759730
13 1296 19368404
13 2588 281296759
13 10 903527288
119 179 13969164
119 1855 616705
1855 1942 99428384
4125 1942 222685904
1942 2065 276935085
1855 4269 342904246
119 32 348596326
32 3348 14012446
32 10 640441295
1018 531 454262755
531 731 19093879
2016 731 96325146
531 1762 350629345
2863 1762 15368030
1762 3840 40159075
531 417 233589015
4313 2196 437036533
2196 2589 310031389
2589 2934 58673294
3629 2934 271086708
2196 417 608334745
417 3274 41273261
417 53 830509267
2740 2650 185147844
4048 2650 473971418
2650 3918 519755488
3918 4204 470614046
2650 2203 48965592
2203 1134 239130679
3654 2875 468362983
2875 1134 475350172
1134 641 777855291
641 1337 411488574
1337 2001 27776858
2001 2920 492180607
641 53 253106581
53 295 616705596
1530 426 485760521
3153 426 7987504
426 295 460777360
3808 671 231921914
4392 671 156821050
671 463 410510339
463 295 93796349
1247 697 208556133
1903 697 51151446
697 295 321525962
295 713 1187294268
713 1764 497471875
1764 3208 289476844
3208 3760 222907995
3804 3760 7863997
713 3426 409053408
53 1510 749229161
1510 2976 639053491
2976 3682 286215912
53 10 7149042
2950 1808 455141342
1808 2576 472524230
2576 3248 123695103
1808 802 232737451
1849 802 237977864
2901 1941 488683179
1941 1860 458350778
2193 1860 41388536
1860 802 991073095
3414 802 175548475
802 597 1853915236
3972 597 277770063
597 139 2176041008
1298 139 381877016
3811 1462 341290344
1462 139 689360479
3012 2277 146328051
3226 2277 108576241
2277 2585 64917013
2277 2115 400998220
2115 3068 231817469
2115 139 404186576
139 325 2255959441
1615 325 286523141
325 825 1902237538
825 2210 781718763
2210 3009 878959802
3009 3231 492332685
825 2343 313946878
825 4401 366715599
325 1328 46487200
325 2386 300108944
139 57 1106753114
3724 2135 333569874
2135 2114 325732986
2114 554 333815989
2919 554 437819617
554 251 949349255
251 57 1292139167
798 603 318498710
1378 603 185726489
3606 603 38670783
603 57 595426463
57 210 181034950
57 1255 100103147
3383 1432 76395420
1432 1255 179125967
57 10 2454247983
2148 837 487265832
4031 3690 261772201
3690 3258 185428717
3258 2794 306000822
3609 3385 356610199
3385 2794 153058263
2794 837 738040076
837 3659 88847032
837 10 1623219787
3462 2189 6109101
2189 1741 269955702
2222 1741 432052796
1741 2760 460383989
1741 1076 605394097
3397 2753 94602455
2753 1076 120814498
1076 1683 702634545
1683 2834 428333270
1076 10 207090856
10 33 746017364
4128 2359 217298604
2359 3887 376524673
2359 557 209278759
557 805 285948452
557 437 393890413
950 843 73608306
1219 2674 28667204
1219 843 405238507
3953 1422 31542458
1422 1228 385795707
1228 843 53508434
843 817 711750679
2008 817 215033300
817 1733 71522918
817 437 1202189381
1726 437 171220800
437 1348 385219188
3087 1720 358892570
1720 3644 130809224
1720 1348 260293543
2140 1348 72998178
3636 2998 264396674
2998 4268 90418929
2998 1348 122940576
1348 2847 440758300
1348 3555 58241392
437 392 1455671583
722 392 110094434
2924 1923 385710187
1923 392 352336178
392 1675 325371768
1675 2197 206435031
392 2544 244582728
392 2731 160235744
392 365 1656696961
1259 706 161845253
706 365 229818424
1747 3471 110806328
1747 4270 241660637
1747 1497 90759659
1497 3624 336742107
1497 365 14584524
365 2348 488618949
365 208 959783945
1788 1143 292418190
1143 208 16293764
2881 208 329093596
208 414 202720437
208 920 37643855
1975 1079 253368183
1079 3618 107577016
1079 920 128366096
920 1862 40308070
2741 1862 446680336
208 185 865747833
2262 1196 84357215
1196 185 164059123
1281 185 78916844
3643 185 333418159
4091 185 180886155
185 1140 327169964
185 89 827297833
4099 3870 199763896
4105 3870 156559686
3870 2626 579767572
2626 980 559385502
980 882 711990581
3280 882 44683749
882 2688 30135815
882 818 578645249
818 89 647583305
1624 89 50376899
89 581 488316482
89 33 610959833
1035 33 372257063
33 665 170694820
665 1880 15973398
33 1141 360058006
1141 3155 479490533
3155 3759 481734851
33 1815 431263557
1815 1908 755640084
1908 2273 263764655
33 3035 189058318
3035 3217 110807293
33 3128 482544045
10 69 1188120524
2577 1239 473705613
3859 1239 224212292
3901 1239 160749637
1239 226 1094508114
2684 3366 98445440
2684 2613 362615203
2964 2613 103866815
2613 1362 894031518
1362 1865 439955205
1362 226 649972390
226 769 184098573
1909 3008 14454937
3008 4252 61751299
1909 1097 245056734
1097 769 61460975
3285 769 128296948
226 2545 13932383
2545 3053 111788789
226 69 1630122201
4344 3220 460150542
3220 69 174930576
3658 69 423105520
69 197 2117916720
3255 3670 18259045
4284 3670 468026344
3255 273 69328797
273 1602 255492921
1602 2494 545778300
2743 2494 100293743
2494 2825 697048300
2825 3431 395134256
273 2274 253613934
273 197 6511018
197 289 1638334633
289 473 1028096833
473 1749 562310959
1749 2564 346049921
1749 3174 262905665
289 1034 295667580
1034 1111 481446347
1111 1952 249322715
2949 1952 418227880
1952 3872 399777060
1111 2599 123815548
1111 3867 54291404
3867 4383 423088840
197 386 92450768
917 550 56596681
550 2523 137186593
550 386 268504823
1429 3576 29499202
3795 3576 353774263
1429 1124 448895445
1124 1483 357740514
1124 930 541226501
2932 930 320152051
930 1834 64861913
930 386 1003118112
1657 386 336878785
2624 386 377760555
386 455 595206081
1463 1240 188707882
1523 1240 471338055
1240 1084 217578656
1084 985 247991731
2960 3252 405830204
3252 4103 169032889
2960 985 90852533
985 841 675223595
841 3906 130440331
841 455 112883456
1414 1973 198728799
1414 455 79293243
3797 2077 86962560
2077 455 548056633
2587 455 33189490
455 2357 973248738
2357 3224 485040840
386 669 1140903809
1999 1704 468240718
1704 669 77556422
669 855 997711789
4217 2080 339128087
2080 855 544355958
855 1038 540977726
1038 3812 451577180
855 1444 538115571
1444 1695 399012103
1444 2109 32513284
855 1631 46540933
3801 1631 136122334
1631 4377 116750327
855 1850 396405019
69 491 624522769
491 519 273500460
3011 519 399356998
519 955 462802374
69 3354 465652687
10 2219 135812762
10 9 4125787893
865 276 472510273
276 9 915736001
2522 9 251674554
9 11 15699023357
4398 3443 199292658
3443 11 622070876
3938 11 473008599
11 12 13213701615
3342 2339 38551676
2339 516 172421918
516 428 424308907
3076 3936 405004420
3076 2567 78291257
2567 2418 422211455
2418 428 219965436
428 2162 104288971
2827 2162 247986146
428 292 975246738
292 338 246727778
4301 338 323604034
338 3469 117739837
292 398 444666340
4407 398 461890670
398 3021 706981868
3021 3453 458842760
3453 4173 493367703
292 12 109876619
1856 1557 430063862
1557 2071 353565262
2071 3154 19508344
1557 395 530635291
395 4008 198833850
395 12 806454556
3416 1831 245459912
1831 3781 320497714
1831 768 333785489
768 2179 118122914
2179 2685 32211888
768 629 191577913
629 719 114984218
719 1225 111331970
2930 1225 266177847
3959 3483 442989402
3483 1225 682781
719 1409 16876694
1409 3079 214028049
3079 4287 138869490
719 2285 31716958
2285 2399 28783247
629 12 321598428
12 15 14037051081
797 3988 26935625
797 219 450155075
3680 1195 497539471
1195 219 612245336
1725 219 229729926
219 481 790652233
481 806 702192506
3476 3445 336673932
3445 1875 534631226
1875 2026 191193978
1875 1627 590197041
2316 2104 483892071
2104 1627 211932657
1627 1465 634356954
1465 2484 710711200
4275 2484 20204103
2484 3147 383014149
1465 806 224947999
806 2654 711657974
2654 3491 427562168
219 145 298682230
4418 402 257800769
402 145 533486763
145 3487 158860974
145 42 1032398333
3449 678 459020814
678 2968 56033010
678 3428 90601493
678 332 594868149
3531 1752 450078042
1752 1642 512561633
3865 1895 475156901
1895 2879 74925900
2879 4285 141817113
1895 1642 870412152
1642 744 1869678794
2711 744 177345471
2749 744 73856172
744 3347 55129953
744 332 1789637768
332 2517 143494487
332 202 2582332628
202 42 2691735010
2091 1944 16954680
1944 1154 480902464
1154 814 475950168
2556 814 349283750
814 1397 36354461
2866 3303 81960679
2866 1397 286899628
1397 2288 464569531
2288 4057 179128851
814 1822 435525147
814 738 463087944
1467 1426 141486250
1767 1426 212663966
1426 738 514305306
2105 738 299207084
738 42 1295154709
3072 1900 396469837
1900 767 172300458
767 42 247116863
3438 1123 384275843
3854 1123 123550004
1123 2808 11280805
1123 42 524111259
4242 42 205896778
42 143 1052363151
143 237 481678612
801 237 497815398
1949 237 76920069
2146 237 36665688
237 2141 618781227
4160 2141 374220440
2141 2572 659862392
2572 2957 115808350
2572 4151 139189107
237 4055 433605600
143 610 110781932
143 1333 916941791
2996 1537 269962706
1537 2703 20594048
2703 3875 32127837
1537 1333 625424
1333 1428 168563396
1428 1682 12947778
1333 2499 428042539
42 249 282437445
42 4370 110435025
42 35 4303457740
811 35 404750278
35 43 1037387052
372 646 238050133
372 67 153932142
3635 3568 297941717
3568 845 463097239
845 625 623765058
625 3586 245941652
625 67 470715485
851 3980 221055696
851 772 168926126
2255 932 14601940
932 1256 147130458
2322 1256 7174263
2860 1256 8836356
932 772 183236488
1402 1476 94022443
1476 1881 440355868
1881 4096 438292829
1402 1628 216632945
1628 2058 229520427
1402 772 100410856
772 67 14957076
2131 2042 151352837
2042 1823 630500295
1823 1272 878038971
1272 924 1221671391
924 2420 187745685
2420 3848 396379317
924 3750 484433999
924 67 741916110
4070 67 47483505
67 172 259449300
67 275 223210068
869 397 362539096
2169 397 122344883
397 275 569955756
3082 4089 32417015
3082 275 121029885
275 301 783499435
2050 301 208848255
301 1033 1080554977
2188 1033 237706110
1033 1838 732542649
1838 4390 290593749
1033 1896 531026167
1896 3632 360245305
1033 1918 169256378
1033 4056 58672228
301 2571 150938070
275 746 261484518
3475 2424 169600348
2424 746 375635142
746 1956 915454850
1956 2123 543652650
2123 2623 316499727
1956 4322 224766781
67 1824 480668651
1824 2967 344008067
3731 3948 357236155
3731 2967 48785930
67 43 76673273
43 76 1195644441
76 223 1398585751
3515 223 19869164
223 312 494890119
312 607 200902943
223 2426 94649020
2426 3564 117059987
3564 4374 332261633
223 3633 518230405
3633 4300 355863563
43 594 639897
35 68 1821678916
3435 3346 334754388
3346 1540 725410720
1540 2136 113688249
3877 2136 318430264
2136 3282 416384183
1540 174 978693610
174 1244 13544961
1712 1244 92377859
174 68 1114176067
68 70 2156637970
70 80 195813487
1636 748 468253934
748 949 173151161
949 2090 447695224
748 80 253995053
80 141 208995137
3869 141 428846387
141 861 347421571
861 1527 81107357
861 2043 416881533
141 1793 173129958
1793 4147 517423656
4147 4309 349790821
141 2606 473082
80 1773 571980193
1773 2819 178397868
70 222 438550415
70 493 22381413
532 493 341009502
4246 2363 348609791
2363 493 461261191
493 3094 417278088
70 847 860559627
2712 2066 172978171
4223 2066 386606868
2066 1359 276161796
1359 847 398548337
4315 847 16161814
847 1273 357608002
847 2243 158021579
4081 2243 435443062
2243 3671 156185382
3671 4399 465256063
847 3540 318103855
3540 3637 330060707
70 3352 327952869
70 3789 207548543
68 411 508365964
926 411 214011447
411 432 1023566373
1381 432 463121257
432 774 285692310
432 1209 525860417
2756 1209 251209325
1209 1701 148235212
1209 3937 478304964
432 1437 308922653
432 1541 386028765
1541 3107 245285204
411 545 22138068
1268 1199 53626525
3199 1199 10366611
3530 1199 449210337
1199 545 45548385
545 1322 488433792
2995 1322 222089029
4104 1322 214337140
1322 1367 354192923
1765 3977 439339764
1765 1367 8243925
3423 3249 477313033
3249 1367 189246334
1367 2089 352653515
1322 1871 429257589
35 1119 88905453
3971 2908 19611088
2908 2649 129253494
2649 1314 314083932
1314 1119 359366488
35 19 1805969527
4197 4249 9335377
4197 54 395472319
54 66 3824444
66 575 419680435
3064 3432 145396378
3064 1703 15205589
1703 1436 63786006
3472 1436 48568922
4006 1436 243964699
1436 575 105950357
575 2786 184559707
3600 2786 168130497
2786 3474 329363477
54 236 440830264
3335 467 190992194
467 1021 302252427
1100 1021 398454457
1021 2325 348715973
2325 2952 114201776
1021 3336 275340055
467 236 26653651
2573 236 113257978
4020 4282 204328638
4020 236 238841630
236 889 634690718
2037 889 341547407
889 1718 620247410
1718 3436 348429720
236 1020 216477059
1020 1656 536852607
1656 4195 284368600
54 19 346459742
1996 962 326350750
962 230 284382686
230 19 36012636
19 15 1892395438
3543 2745 244005271
2745 1372 5994430
3343 1372 143291656
1372 4064 244981452
1372 1284 55825940
4381 1284 414966491
1284 1184 807975313
2562 2318 28405974
2318 1184 18650427
3061 1184 107581542
1184 821 500480689
821 1588 320192908
821 15 568126796
15 31 682657900
2604 1193 90438434
1193 399 231986483
2407 399 434019312
399 160 753916355
3992 3897 411088408
3897 1226 146988627
1226 160 100284987
2803 160 422995167
3110 160 365309206
4015 3834 242968436
3834 160 37068191
160 51 1729187048
630 1419 222154245
630 227 234495575
227 51 21127355
2490 405 408541861
2861 405 17278283
3896 3727 430783389
3727 405 537836786
405 51 756673593
4177 1501 145520399
1501 650 536107017
2812 2121 273054942
2121 650 291555733
650 2373 234686089
2615 2373 144928868
650 51 997136538
51 92 2098615392
92 728 151194406
2999 728 15896122
92 2011 1476712655
2011 3376 317793447
2011 3393 1161595064
3393 3451 793242470
3451 3857 434173363
3393 3459 211532318
92 4203 118239038
51 1886 316619390
51 31 837434354
823 2761 45393002
823 137 189004721
137 77 500140351
1517 695 14398639
3140 1789 242405948
1789 695 509441083
4241 2259 397188795
2259 2098 748549061
4182 2098 439285259
2098 695 1285226390
4367 3338 57300871
3338 695 342689593
695 204 2112225459
809 1077 423053138
1077 2217 225484206
809 204 31014145
1026 921 67941527
921 204 139846273
1711 1152 346515878
3537 1152 201255636
1152 204 223047040
3706 1190 335842679
1190 1583 73745092
1190 204 116317839
4356 204 26041098
204 77 2471801633
77 31 2526707889
159 590 26684466
2540 590 423168437
590 1055 578041992
1055 2701 381118545
3839 3935 193148795
3839 2701 241617863
2701 3038 1094955461
3038 3201 709502037
3201 4258 292997346
590 3059 179209766
159 3772 51615595
159 31 417648806
31 148 1127166827
148 1015 716533661
1015 1323 242533411
1323 1473 194689395
2138 1763 79649119
3019 2550 340514731
2550 1763 128985785
1763 1473 191899821
1323 2468 36021213
3861 2989 443869475
2989 2468 327769216
2468 2973 465142221
1323 3175 337935600
1015 2206 75889277
31 209 3022374661
209 527 1356975370
977 527 99128992
527 528 1861442000
2180 528 471528454
528 1295 615576302
1295 1512 776624583
1512 2928 595640720
2928 3290 235654907
1295 2270 142303170
3421 2270 232385867
528 1595 477128694
528 2276 338480921
2276 2882 173167395
2276 3050 275322511
528 3188 477314035
527 3246 18132793
3681 3246 173120033
209 904 992307242
904 1022 594408482
1022 1180 289446806
2214 1678 39170819
1678 1180 10464809
1180 1357 101597579
4035 2412 29130632
2412 3330 39552717
3330 3803 70069573
2412 1357 382912679
1022 1935 118937050
209 3100 448575144
31 2184 219658857
15 44 15459366030
44 50 7058076941
3124 1550 385567955
1550 808 232587592
808 50 194822334
910 50 258571938
50 71 3694310571
504 88 208078462
1017 940 447188137
940 3974 288737526
940 88 102183880
2003 2387 137620197
2003 88 216153782
88 71 728069362
4314 1759 453121863
1759 71 409838260
71 74 48930790
1520 74 353862163
4073 3312 403687060
3312 2641 544623132
2641 2504 411496388
2504 3409 181077119
2504 74 190567769
74 440 383729274
440 592 421356962
592 972 97809630
74 1266 474352298
3692 1266 252882444
1266 1897 282861561
1266 1992 45968361
1992 2439 1004115
1266 2345 117702269
2345 3276 175183245
74 2317 85670500
2502 2317 36186145
71 162 2921181944
337 2479 49268150
337 162 407493245
647 162 217225003
162 307 869101116
307 1085 460466686
1085 2143 175152235
1085 3577 470816315
162 644 1243725752
644 1305 507301269
1305 1477 552535006
1477 3512 349018160
644 2816 329871125
162 1012 422131790
1012 1721 456821146
1012 1917 168071531
1917 4025 175939434
162 1099 1502493458
1099 1486 579996938
1486 3912 454084283
3912 4108 298419840
1099 1727 475459090
1099 3135 525517787
3135 3186 62856879
1099 3596 82534275
71 257 1538704880
2717 1805 192049132
1805 1457 444497584
1457 543 480794607
543 257 922589051
3099 257 41922765
257 361 1920578957
3028 725 414883604
725 997 21450026
1932 1005 136303822
2912 2796 276845337
2796 1005 587466284
1005 1758 255217277
1005 997 325543738
3950 997 139778511
997 1953 726238810
1953 2734 462281794
725 3695 437841349
725 361 201595932
3573 361 442332357
361 696 818587083
4345 696 387875902
696 1138 350737948
4333 1138 64350471
1138 2185 205675740
696 1356 965471909
3299 1356 100536155
1356 1606 1303039326
1606 1988 478173187
1606 2975 535927538
4228 2975 117175309
2975 2992 317253870
1356 2461 109657006
361 1293 931026780
1293 1518 295906566
2421 3187 76915319
2421 1518 112471978
3881 1518 71131944
4227 1518 165471781
1518 3202 473913380
1293 2699 472497535
361 3796 462164484
257 1057 313261365
257 3587 409670068
3587 4046 140587542
50 173 1754171671
2419 4037 196514944
2419 173 194402545
173 181 814891873
3018 323 342833096
3966 323 257887122
323 408 297104078
408 2856 93624938
2856 4310 226620092
323 1995 438734975
1995 3646 45885606
323 181 216086952
1459 3597 36366376
1459 181 12346996
2533 1585 277349567
1585 4247 4041284
1585 181 486309722
181 189 1306601124
2160 994 177427636
994 612 240375656
1739 2643 113172426
3324 2643 185601156
2643 2783 54902710
1739 1192 128119779
1192 612 241532908
2938 1893 186818345
1893 1794 567100934
1794 4044 301165937
1794 1287 728239013
4417 2682 359508500
2682 1287 211876679
4176 1287 373452639
1287 2036 579520839
2036 3269 494416113
3269 3981 488165282
3981 4014 164587956
1287 1262 406630538
1844 1262 2247504
1262 612 791069655
612 1172 323308592
1172 1954 137169712
612 388 868788526
2758 388 74855552
388 730 888719158
2049 730 42501427
3532 730 306482898
730 879 1022759644
879 1168 521389118
1168 2514 535529143
2514 2581 565001763
2581 2630 278565931
2630 3725 624620344
3725 4213 138631403
879 2791 134538351
388 326 332811644
326 2751 197515033
2751 3055 222693985
326 267 325554978
2537 2398 273665024
2398 1107 163188735
1107 784 398274292
784 267 686641904
267 624 414439589
3697 624 357093701
624 1645 658600424
1645 2658 384100165
267 189 309012699
1490 1161 75783142
1570 1161 416116354
1161 1007 374559359
1007 1853 278471611
3024 1853 84309821
1853 2840 30071254
1853 3978 127871773
1007 517 101238406
4405 517 261474077
517 189 66515062
3365 3964 114146697
3365 2269 71416592
2269 571 557345846
571 778 790542930
2554 2310 499550481
2310 2696 86492795
2310 3685 288190721
2310 1297 39294103
2966 2910 96343241
2910 2349 58556130
3463 2349 122831241
2349 3638 198559956
2349 1297 367306835
3402 1297 346040832
1297 953 405126584
953 3579 322195927
953 778 40433116
4029 3652 376620122
3652 778 274211041
778 2534 416515140
778 2747 193657843
778 3359 420872724
571 189 202143267
189 747 1461841175
747 1183 283193083
1183 3655 99125114
3784 3655 272108719
747 1271 780363199
1271 2158 396575062
747 2279 281074712
3849 3041 39411228
3041 3020 65160268
3020 2279 173715652
2279 4298 235391371
189 4030 261335059
181 509 188758548
3641 509 212551594
509 2029 115100163
181 535 305359290
535 4092 308561735
181 792 63766484
1685 1019 352425368
3139 1019 337015264
1019 792 602268090
1803 792 340371778
792 1694 451514006
2801 4283 369604541
2801 1694 25609963
792 4075 441199285
173 269 461048051
608 1167 29409328
3411 1167 154383476
1167 2021 102316566
3448 3108 420583535
3108 2021 88975968
2021 2356 341782665
2356 3856 132382215
2021 3265 206730763
608 269 171843359
702 269 67742325
269 430 853282581
430 1128 858554646
1128 1222 43263272
1370 1222 221853278
1128 1350 896766515
1350 2230 724756293
2230 4385 429217515
269 477 168776094
3211 477 117617743
477 807 334813312
2465 807 138587794
173 497 415453626
3741 1139 229155490
1139 799 592484997
799 2618 1020724361
2618 2946 453589145
2618 4205 340608087
799 497 23602956
1277 497 30406068
497 1400 203627091
497 2250 201932008
173 3720 367548690
50 354 2022902800
354 406 588635864
3056 3261 73998518
3056 406 38877434
406 3133 452067531
354 685 237254718
685 1410 270429726
354 832 856969955
832 2007 565098114
2007 3551 416217895
50 525 399520009
2388 525 43709970
525 529 571586058
3159 529 408241236
529 764 500177629
3560 2405 422007470
4158 2405 55946
2405 764 530148909
764 819 1137846208
3145 2990 21768895
2990 1487 158411705
1487 819 523514049
819 2013 662924473
2013 2616 392178019
819 2961 703099352
2961 3920 236190922
4157 3920 152965634
764 1157 332822553
2404 1926 40588914
1926 1157 304044586
1157 3677 294647277
529 3602 131020518
44 98 8023769769
4281 98 375781901
98 131 7671391834
1232 820 133745301
820 131 230751512
3498 131 48021935
131 154 4692287235
2670 3740 76287037
2670 296 389019207
296 154 301947362
154 368 1636365902
2614 368 426250053
368 521 1860651794
4166 521 137643934
521 598 1590433409
598 816 517074500
816 976 457401589
976 1095 377468430
4408 1130 471095743
1130 1211 268635362
1211 3575 318197030
4346 3930 435888526
3930 3705 403319515
3705 3575 108558189
1130 1095 217333774
1095 1959 441176347
598 1039 484255460
3821 2665 326451817
2665 4038 249159216
4256 4038 47780438
2665 2207 243913299
2207 1889 21811936
1889 1039 368309101
1039 1257 245432993
1039 3114 339831644
598 2411 146007792
598 2433 294654997
598 2718 328892546
154 637 3053232537
637 853 2009417198
1669 2335 124887813
2335 2394 209530991
2335 2442 244004957
3242 2442 175891416
1669 2454 233082075
1669 853 7882035
853 859 769340208
859 1573 403144469
853 1567 499622688
2715 1567 101225999
1567 1738 452219117
1738 1783 219216360
853 1833 566818771
1833 4086 291941703
637 1267 848281847
1267 1349 643112856
1349 3844 273117119
3844 3962 172181112
154 2869 68030204
154 3112 99325973
131 628 2300607059
2312 2010 454971406
2010 2631 115746577
4201 2631 47211689
2631 3380 135568227
2010 4090 89744589
2010 690 597965125
690 1032 459642051
1032 1354 226768791
2331 2284 470941963
2284 3787 465312478
2284 1354 35194683
1354 1955 268547028
1032 3595 172766706
1032 4296 186939893
690 628 472271059
628 935 1686043306
935 1046 1255276804
4237 2204 17908705
2204 1069 379601269
1069 2195 116705704
2195 2851 11142023
3783 2851 313966750
1069 2467 218905769
2467 2575 447393481
1069 1046 84007247
1506 1265 169864989
2154 1265 92603381
3131 2710 52854197
2710 2240 445009644
2240 1265 326665284
1265 2324 320576537
1265 1046 82622644
1046 1379 593793050
1379 1830 342230077
1830 2191 287849801
1379 2414 473327733
1046 2000 299792277
1046 4169 90446821
935 1233 414573036
628 2625 1122577552
2625 3584 790263905
3584 3882 342330664
131 1030 742401136
1030 3279 335239667
98 353 388363468
353 2392 458838232
2392 2528 76764182
353 3994 110524547
98 1242 146159474
2187 1242 128525101
1242 2434 9455702
2434 2708 213367063
2434 3558 66366714
3558 3737 53352408
3558 3914 215850417
1242 3571 92369572
98 2264 445419831
44 228 92438449
228 247 481246288
1013 2094 281608051
1013 247 205268844
247 261 641620325
2374 261 80234486
261 310 685103357
2736 2034 485057051
2034 2777 127056863
2034 3786 272532466
2034 500 45398858
500 310 54790206
310 884 1010093840
884 912 266226155
912 1132 86810347
1132 1948 229320020
1132 2889 255838991
1132 4175 5760708
912 3396 230644667
912 4063 224931089
884 1771 888793743
1771 2166 262306659
2166 2773 6246113
4180 2773 47761361
1771 3349 535579194
3349 3956 166435055
261 759 123016958
759 793 247422111
261 1029 164494043
1029 3707 295355927
261 4121 99017547
228 1586 92236865
1586 3310 2272363
44 393 350923063
44 2099 226044338
2099 2969 276511484
15 1243 279754906
3278 2858 224840162
2858 1243 73974684
15 3227 303586831
11 106 521760748
1866 836 313891624
4266 2497 457194311
2497 836 896059160
3036 836 22791944
836 3548 220822727
836 694 1013154663
694 1364 137214239
1364 1879 24431254
4192 1879 58688518
694 483 702366448
1499 1339 270556031
1339 3775 238205696
3775 4061 293036271
1339 4018 51335226
1339 483 15663027
3996 1396 327205475
1396 483 595503717
483 663 606955417
663 786 177332254
786 1511 661769824
1511 1722 584358623
3311 1722 154685608
1722 1966 138819838
4236 1966 415895846
1966 2972 151363648
1722 4289 250488672
663 1375 76072796
3379 3776 215600214
3379 1375 172351100
483 106 741073977
106 169 604155077
169 470 530812572
470 533 447385858
533 1336 401961862
533 1358 2429869
533 3464 217669408
470 3827 5459208
106 3223 323009333
11 125 1603777008
568 360 78343284
360 125 536874231
3941 3171 13616604
4353 3171 390247802
3171 2301 804018078
2301 125 781733877
3134 125 381985580
125 135 2740032948
2598 135 68249946
135 241 1635212752
241 297 363501893
241 552 57396644
552 2744 260129251
241 2546 381810645
2546 2872 253448712
241 3627 366896632
135 277 1114873723
896 277 180800289
1074 1417 192838938
1417 1957 265459217
1957 3528 435141217
1074 277 104972435
277 698 1054212314
698 2561 105317265
698 3015 309577939
3015 4229 37568000
698 3313 220298503
4341 3313 35059036
135 530 61244204
135 933 142293770
125 1292 118731998
11 416 629525406
2800 3722 205691304
2800 416 10461506
416 487 201804345
3836 3693 494896453
4420 3693 386889187
3693 3663 596605010
3663 716 361988952
716 3350 444049650
716 487 161545949
11 3601 647754859
3601 3630 251682508
9 22 3749785488
4254 3113 408221581
3113 1919 460684438
1919 1452 681161228
4053 2980 112414168
2980 1452 60112664
3616 3440 96878235
3833 3703 230187887
3703 3440 580437657
3440 3392 928521350
3392 1452 902945968
1452 822 1170454591
3798 822 150872309
822 340 1345896668
1127 340 115987240
1940 340 477781879
3567 3104 334336386
3104 340 774248998
340 660 948175296
3917 1395 87359059
1395 3251 298028662
3251 4034 131205490
1395 3738 84461902
4352 3738 336654265
3738 3951 34504640
3951 4162 156263952
1395 862 200776188
2849 862 440261456
862 919 57158530
862 2396 50098225
862 2757 438900048
862 849 166698004
1978 1338 443912605
1338 958 622528934
958 3256 99417142
958 849 631060572
2886 4155 10845715
2886 849 241583695
849 4152 488546436
849 660 434786611
4328 3717 67678663
3717 660 34603949
660 721 1344170752
3810 1450 215612448
1450 3686 42057672
1450 721 20623916
3582 3574 83387916
3574 721 310431182
721 745 2012024420
745 1492 949283840
1492 2107 510352286
2107 4255 210721618
745 1601 38650174
3060 1601 189853103
745 2253 216601128
745 2584 425969622
745 3158 290966261
660 1083 74945360
1285 1083 201949949
1083 2030 291883840
660 1304 149185938
2102 1515 134093745
1515 2366 1912560
3356 2382 42887258
2382 2366 125080536
1515 1304 165006835
340 661 190613653
340 59 1140329074
1638 59 496431179
3523 2075 241889250
2075 3508 36944882
2075 1931 100162769
2485 3716 254261725
2485 1931 145094323
1931 59 367066665
59 93 894802158
1056 155 279146261
1320 155 50939335
4134 1441 470624417
1441 155 292015437
3281 2055 435202717
2055 155 567431420
155 298 236655288
298 1096 419093151
1096 2072 391650137
155 2103 883195372
2103 2306 439421008
155 93 129178433
3092 1688 78564150
1688 1241 247135175
1241 303 439350084
303 316 43946070
303 93 423998223
1496 560 49908303
4359 560 157708852
560 1150 340678828
1150 1200 168076374
1200 3156 317536984
1150 3049 79529692
3049 3204 308871109
3049 3461 155144322
560 93 334552693
93 750 509879719
874 750 300462363
750 1078 548671061
1078 1800 784220973
1800 2933 332036896
3619 2933 163870563
2933 3628 245386258
750 2538 238048609
93 858 474696007
2378 858 230962291
858 942 137791081
942 2877 234098208
858 979 288856031
979 4419 412783828
858 1503 51719527
3002 1503 265434971
858 1812 495240178
4156 2765 3320000
2765 1812 39067022
1812 1837 135347150
2766 1837 224657517
1812 3518 383899894
93 2271 842643263
2271 4219 417512501
59 321 642545017
1562 321 195194817
2600 2087 181796894
2087 1613 666378558
1613 2955 688771430
3138 2955 245605978
2955 3866 458028513
2955 4005 456888031
1613 321 140382656
321 593 844596665
593 840 760072756
2942 840 267522510
840 1648 638432260
1648 1987 678035334
2694 1987 61942916
1987 3125 344447586
840 1782 187946040
1782 2859 369172209
593 1342 205599003
59 484 233830950
3916 3853 61229963
3853 3013 207192746
3013 740 294188498
740 1064 487826412
2831 1366 455654104
4159 1366 178016218
1366 1485 112701854
1366 1590 592220125
1590 4414 266828197
1366 1064 305338128
1064 4143 323986852
740 484 145018485
59 514 283838840
59 22 373141390
22 104 3203952794
1776 683 209156753
4208 683 442678310
683 449 1088271137
3553 3098 499640785
3098 449 680312401
449 284 2210523222
2771 284 351518341
284 548 131343495
1049 548 380132839
548 1684 524612108
1684 2024 91545862
548 3664 48388631
4240 3664 2792753
284 2482 684078784
2482 3322 164544981
2482 4069 443174549
284 132 1368544958
1980 2873 15735415
1980 1231 274645720
1231 796 196229802
4209 1551 463769231
1551 796 811146567
796 2781 456319212
796 132 245914628
3022 1145 171504163
1145 132 68891027
1877 1191 266225974
1191 132 745736882
132 150 216128733
3991 2653 106832869
2653 2044 488970761
2044 1351 751384013
4308 3390 476347625
3390 1351 571798192
1351 182 1567428173
182 3583 306402155
182 150 1232227376
2226 480 355435410
3868 2887 474482573
2887 3260 386516849
2887 480 179932000
2986 480 442595788
480 781 482694390
2769 781 144192481
781 1043 257611887
1043 1790 756824658
1790 3372 455723141
781 1754 534931948
1754 3458 218041120
781 1778 21414144
1778 2691 93539262
480 445 845014180
445 486 198724290
2232 486 449411236
486 1003 392522052
1003 3506 151946415
486 1910 459314804
1910 2513 92902231
445 833 269195921
445 150 307256468
150 356 924862879
2035 356 471032763
356 579 708345430
3835 679 439018824
679 1112 364465152
2508 1112 406676292
1112 1898 345885941
1112 3647 71880066
679 579 23368915
2530 579 48132451
2915 579 56231931
3763 579 60769190
579 1454 721823381
1454 1534 286151533
579 3743 301711933
3743 3967 16234682
579 3816 336209933
356 3195 417519293
150 441 381308748
1559 907 498515674
907 736 776847808
736 1291 210379185
736 1513 150524386
3305 1513 130847637
736 441 277323586
441 446 50853461
1286 446 54168510
2449 446 439177810
446 1201 614116092
1201 3679 470153828
446 1215 168666133
4277 1215 88855513
1215 1369 60698112
441 501 335925614
3429 501 165108446
501 2471 328378048
441 2679 116872648
150 2051 365117448
2051 3430 31827112
132 265 1410726609
265 1310 879695748
1310 1318 177007779
1318 2473 217754579
2473 2680 248148603
1310 3995 247788924
265 2251 79109496
132 850 7482102
132 1047 143098516
132 104 278851850
1182 423 249239671
423 163 140288217
752 163 412440831
1217 163 210551807
1252 163 447569931
163 1607 756007722
3300 1607 221397176
1607 3026 506973627
3026 3718 120336094
163 2068 16548941
163 104 137997713
561 632 83830411
561 286 83565309
1179 701 315543814
2234 701 132759227
701 286 283175172
286 104 493273900
2702 2280 466759906
2280 1652 779625481
1652 1319 546487683
1319 1313 804578166
2762 1313 274306002
1313 667 828414656
3360 3102 149779041
3102 667 361564231
667 104 1047672637
2110 1344 461595292
1344 4393 126580727
1344 104 138897589
3419 104 207933937
104 108 563386584
108 3478 451287467
104 157 4272077008
1660 489 464840041
3200 489 175364
489 1148 288021803
1148 3623 5323334
1148 4412 409894810
489 366 412722646
366 157 102560837
4083 1186 457467550
1186 733 150655547
3494 733 375052424
733 4428 75895013
733 157 728615809
157 203 4486582276
203 231 767461487
2937 231 199707372
231 704 1310251356
704 753 420744701
704 1346 91477755
2025 3708 201773416
2025 1480 147748144
1480 1346 299991053
704 2354 306116319
2354 3578 465266155
3578 3687 283315393
704 2690 267926019
2690 4126 206659241
231 1603 21342625
203 358 1157281860
358 385 465220908
1093 1531 209841116
1093 385 74651265
385 469 94953975
566 469 78095476
469 886 24656781
886 4140 308525567
385 479 497773900
1446 720 292607271
720 1189 291056771
1189 1820 701755996
3257 1820 143382293
1820 3495 567680118
3495 4357 336005053
720 479 399202351
479 1065 459542561
479 2031 29251270
2914 2031 40600441
385 1042 60341062
358 1890 179351028
1890 2939 349731256
3511 2939 202248386
2939 3273 193260342
4186 3273 87412847
358 4232 295264518
203 364 2270971391
757 364 357693772
364 460 1864378582
460 495 962930428
495 1394 663712844
1394 1626 942063808
1626 1977 373462980
2925 1977 299511769
1977 3700 440604266
1626 2400 453045710
2460 2400 302838494
2400 2697 587315444
2697 4373 410836566
2400 3209 437460832
495 2289 45333592
2673 2289 124547139
460 622 623164764
622 1164 555353334
1164 2272 181896258
1164 2299 197607874
2299 2634 185652463
1164 4062 292096409
4062 4378 453625293
460 1098 122114288
1732 1098 204120758
364 754 312017602
754 911 658725584
911 991 492098860
911 3503 5357479
911 3837 341708615
364 1998 306132418
364 2593 4638592
203 4239 320894842
157 526 562816467
2981 1936 443477392
1936 2824 75983894
3178 2824 205231773
1936 526 546091578
526 1317 1042455985
1317 1438 550545329
1438 2727 257344589
526 1374 9867852
1979 1374 374038204
2198 1374 75771186
526 1440 178225198
157 1479 134937789
1479 1630 451306600
157 4411 127649478
104 387 277551455
3291 387 119080448
387 4397 152963560
104 1709 436636659
22 461 944195535
461 595 870118946
645 595 115887812
595 1424 243737995
595 3288 453985163
595 4358 205710022
9 48 930851077
4141 1126 365595016
1126 130 453090794
130 48 192133740
48 62 347961610
3030 1264 397977402
1264 62 128930600
3417 62 291211060
62 114 98801609
4259 2046 373160299
2046 1753 693260151
1753 3777 201071056
1753 684 235225142
2040 684 143278185
684 114 538332451
114 800 639963312
4120 3806 178227550
4331 3806 130825362
3806 1176 657712665
3989 4350 120407210
3989 1176 301933330
1176 1851 764087861
2818 1851 13411922
1851 2897 287208035
1176 800 566633419
800 1198 337935378
1198 1742 134702755
800 1634 255347053
800 2478 586416164
2478 2580 146088463
2580 2660 67442401
4216 3514 53751515
3514 2660 23061491
2580 2815 393426344
62 596 484155238
596 4388 485697736
62 2592 402558858
48 621 433631475
48 3308 191260290
3308 3315 276960373
9 122 1996429581
2553 217 494581957
217 122 755747865
122 235 331664144
122 389 2186867480
389 574 1576111481
1965 1063 401772995
3926 1063 114381669
1063 4253 191788566
1063 676 74839381
676 4423 290168963
676 574 29053412
574 656 405325081
574 947 433110346
3232 1002 456078845
1002 947 56000699
947 3006 302017100
574 1568 273738127
389 606 157431281
1023 606 348362203
606 1859 239458948
606 4113 156176693
389 844 266554100
389 1592 66680325
2941 1592 192794096
122 2155 320110968
2155 2852 187256758
122 2429 369322803
2429 3656 86265249
9 165 241251582
9 215 402048160
2045 215 60724784
9 708 496942190
708 4189 159549007
9 1105 463403818
1105 1681 320494719
3328 1681 173106828
7 24 170348543
2733 2079 437623206
2079 585 326850694
585 1705 128528787
585 546 518071050
2064 1434 162620346
1434 546 448572555
546 3058 349681245
3058 3228 11373526
3058 3675 394908967
546 3163 218094909
546 85 687205465
2895 583 374958260
583 85 597234571
659 1484 205139857
659 85 66619858
85 84 1292461813
4342 3615 391534805
3615 2211 281972600
2211 1884 451371735
1884 572 795522616
572 654 54487675
1835 1668 475108996
4317 4366 129914942
4317 1668 29535596
1668 1736 454785086
1668 3093 316589740
1668 654 44389409
2023 654 372655978
654 866 67892952
3067 2844 317368564
2844 1461 460821381
1461 3904 117761824
1461 866 442231296
866 2069 228979380
654 1731 372896125
1731 2627 326689140
3513 2627 117812089
654 4132 349768220
572 84 551675197
84 234 979834128
234 939 649510345
939 3565 369295000
234 2076 215824427
84 1206 1005928083
1206 1546 136864367
1546 1673 25751271
1546 1814 105010696
3547 1814 276646212
1206 3109 627432213
3109 3642 465135405
84 24 71516202
591 1584 94947929
1584 2455 22914220
591 330 350316827
330 168 44813556
1939 1048 242508182
1048 1332 26665935
1048 588 408765948
588 168 9158892
2041 1840 473980994
3710 1840 195416583
1840 168 1085385992
168 91 1118150888
2836 355 36220878
355 2249 306525666
2452 2249 142259254
2249 4235 283050153
355 343 192027815
2644 343 300786616
343 91 329588610
551 2738 153400879
3894 2738 145180655
551 450 223616188
450 383 91825947
1062 383 35037959
2574 383 380023148
383 91 623712493
407 91 499698297
1553 1234 342487546
3444 1234 361337275
1234 1456 237402926
2111 1456 49709964
1456 2663 242044744
1234 91 933055428
91 142 157582248
142 1552 92743306
1552 3999 250150659
91 24 3687939643
1401 3942 379046519
1401 24 114854499
24 233 3977584566
233 305 1450877096
1275 638 284420554
2451 638 372851563
638 409 1113288014
409 789 148707360
789 824 395086271
409 885 207925419
3757 1876 157010698
1876 1706 70144366
1706 885 79700135
3229 885 35853803
885 922 231856232
4311 922 72848428
885 3309 385821033
409 923 253072669
3729 923 36611745
409 305 171031752
305 580 928079949
2342 580 359736755
580 1922 1138923051
1922 2057 154323976
1922 2406 276949317
1922 2892 580880299
2892 3213 318312062
1922 3940 419654401
1922 4290 26367785
305 2595 427535738
2595 3863 437141290
2595 4225 209829825
233 370 1065769399
370 918 598443979
918 1827 308590111
918 3488 460205040
233 1934 648541845
1934 3277 264971665
233 3101 411273018
3101 3111 492246380
24 680 193321768
680 3709 1041481
24 3415 283353720
7 41 545938220
2594 2375 77238801
2375 1745 438807223
1745 782 495654616
782 362 843123522
3268 362 146802397
362 1691 24520056
3888 3886 260799166
3886 1810 487362957
1810 1691 36096817
362 264 1254390354
3216 1238 176401615
1238 264 401748665
264 1714 651354644
3799 2247 221628196
2247 3765 333998729
2247 1804 212684386
4184 3751 370599324
3751 1804 278442895
1804 2308 171919373
1804 2435 335211330
1804 2767 126779038
2767 3934 278857929
1804 2974 19252464
1804 1714 68668669
2826 1714 130206051
1714 2813 299333748
1714 4002 62812357
264 41 633085257
3927 3723 278583218
3723 2548 609024342
2548 2340 676768129
2340 2320 797767647
3613 2401 303092140
2401 2320 372550412
2320 589 1166083895
4067 3165 390851895
3165 589 769592092
4093 589 263602136
589 2500 195105888
589 536 1819227286
536 2119 111710477
536 3958 9014215
536 41 1892739639
41 123 994005290
1708 2032 69510416
1708 379 62092332
3295 2120 65310278
2120 1920 418432338
1920 379 381056856
1963 379 492047446
379 192 1269101027
2814 1325 250722280
1325 1495 359392377
1325 3339 2023460
1325 192 167370500
192 342 1295938989
342 1707 586717308
1707 2227 819041316
2227 2578 830238786
2578 2775 278047249
2578 4042 265302740
342 2054 449596909
192 420 386340919
420 915 483806605
915 1751 371386693
915 2704 220274164
2704 3845 171455755
915 4133 238291567
420 959 44415080
3105 959 186963350
192 123 18191514
3089 2223 277297663
2223 969 90546909
969 425 205643492
2139 425 321715275
425 634 193375182
425 123 7086080
2108 123 66741728
123 328 52723620
2780 875 115238504
875 642 517808171
642 328 663360476
3790 328 357799039
3975 328 40913251
328 791 181134289
3286 791 367244436
791 2005 83938196
328 903 389644917
4386 4226 290913697
4226 903 132569570
903 1283 402476956
1283 2321 263491520
2321 3007 229454642
903 1324 421525410
1324 1514 640965484
1514 1671 530825628
1671 2732 182046891
1324 2267 52967909
328 2792 80766799
123 615 423504137
615 1188 516817358
1188 2518 117452484
1188 4110 491556761
123 978 269684767
978 2047 211657690
2047 2795 27345736
123 999 146501113
999 1548 219881126
1548 4391 81127158
999 3499 141426662
123 1216 309560351
1216 2303 427925890
41 188 241840874
2617 188 77021590
188 413 427032967
413 1237 527072441
1237 3822 249290448
188 937 388303961
1899 937 198242759
937 1872 274908244
937 3150 421555294
41 290 2092077147
290 502 1701437761
502 668 278801886
668 1662 462390704
1662 4221 265739097
502 990 440753387
502 2557 276023932
502 2784 359732981
290 946 267619793
946 1535 276727408
290 2078 142861901
2450 2078 194155018
2078 2789 55246043
2789 4072 23881334
2078 4250 303897736
290 2510 119941459
3 18 2686365978
1729 452 73386507
2953 1927 453689302
1927 1842 809399552
2430 2097 428958494
2097 1842 618799433
1842 2350 13421434
1842 2754 26507683
2754 4245 87029508
1842 452 1356698504
3180 4101 140787110
4101 4122 97805223
3180 452 61444858
452 246 1400157130
3267 3520 323376928
3267 246 7323695
246 86 1853202305
705 1655 38657750
705 613 179266600
1101 613 314639845
613 1533 19994978
613 367 417917240
1692 2652 52034208
2652 2845 458092826
1692 367 422215127
367 394 241517642
3413 2687 493043820
2687 4017 184712256
2687 1646 528815944
1646 826 788181870
3774 826 182899439
826 394 847392077
394 1555 627039009
1555 1698 255090047
4261 3301 325129994
3301 1698 17463490
367 86 422484230
86 322 765054656
1521 2772 92495943
1521 835 269958894
835 322 618894921
322 993 952636121
3169 993 150129584
993 1659 596585289
3422 1659 133254247
1659 2020 479954053
2020 2157 204470329
2172 2157 15849603
993 2661 257477111
3136 2661 63951544
322 2242 289749741
2242 3120 122803062
86 18 1030856268
4429 3263 312790362
3263 2569 512118187
2569 4150 46735121
2569 2266 205136658
2266 1114 360549141
1114 258 584194582
3377 3504 377412960
3377 258 6289355
258 2476 191346298
258 220 58643531
4016 1969 379693317
1969 220 594290362
4078 220 406150519
220 1717 229922290
2431 1964 341669268
4214 3604 347577043
3604 4230 128828781
3604 1964 354334356
1964 1943 337437633
1943 1921 118109655
2911 1921 206111950
1921 1750 118514425
3130 1750 132580832
1750 1717 554553021
2787 1717 475090503
1717 1882 864033921
1882 2086 599262397
2086 3450 271631697
220 18 551480159
4364 2417 163554793
2417 758 464046288
3121 758 389066037
758 1224 191644443
1224 1494 112208817
1224 3517 67052849
758 412 498771307
1829 3907 65125919
1829 1384 413151230
1384 1505 412911586
1384 412 209085825
412 1040 144605256
412 18 863622313
2885 18 172616729
18 29 2955576621
2785 2446 291649020
2446 371 387911947
371 1249 295582227
1249 2134 251190391
3807 2134 115941699
4360 2134 62717586
371 29 534357628
2088 1598 307636030
1598 1770 254944830
1598 2144 28476564
2144 2864 134120375
1598 1177 174378830
1177 29 364877033
4011 3653 176938993
3653 29 434024397
29 266 4031600462
3071 2228 62525105
2228 266 500255150
4215 3661 497058407
3661 266 393214013
266 339 1627080022
974 984 200682842
984 1229 243090636
3239 1229 31571786
974 339 132662120
3284 1644 347124790
1644 339 395841719
339 352 366453049
352 478 217236096
352 737 343361710
3119 868 131247070
868 737 120539298
737 1415 296250356
1415 3561 474995554
3561 3683 97481020
3561 4340 108061494
339 1060 545588749
1060 1175 68702094
1175 2619 481564849
339 2456 513679288
2456 3482 659531357
3482 4248 205086482
339 3728 420117093
266 507 819458409
507 1618 179694426
4066 1618 155815920
507 3769 367581357
266 870 686234876
4041 870 492978759
870 945 1072093757
1710 945 336756315
2150 2558 24277775
2150 945 95192713
945 1159 758884887
1159 2947 267088992
1159 3455 490089854
945 2067 419589383
3626 2067 118199696
2067 4109 94246203
870 3037 415312367
266 900 1529116051
2721 900 291517257
900 913 911936644
913 2281 467167399
2281 2839 194509919
900 3541 492694062
266 2300 367345629
266 3040 208032000
29 400 345771307
18 717 1867323092
717 1116 400356520
717 1388 404282682
1388 3739 49642802
717 1974 674112598
1974 4119 243027473
717 2330 826745674
2330 2709 503087460
2709 3509 32190309
2330 4163 236786433
3 943 574010131
1290 943 243974338
4130 1883 383869829
1883 943 141743144
943 1504 685690628
1504 2304 392055020
2 17 2374339272
17 23 2247637784
23 87 2414980497
3931 1279 71791735
1279 146 205616734
146 2352 9525769
4354 2477 53869772
2477 3621 288631682
2477 2352 155910689
146 127 242241150
848 1990 45937200
848 577 434225820
2987 577 26329922
577 2290 120817667
577 127 482942068
127 1475 437164741
1475 2506 479006083
127 87 710591709
3341 549 149136489
549 87 116302771
4022 1403 348243622
1403 87 534488319
87 110 2933287526
3250 2735 482395946
3713 2735 143226294
2735 2541 804392683
2541 1086 931391521
1086 2638 106694070
1086 916 1198789890
916 1135 309866699
3721 1135 87894758
1135 1203 269047712
1528 1203 213545294
1203 1221 597977175
1221 1976 4603459
1976 3172 75633099
1221 3063 464629137
1221 3590 154245199
1135 2130 102065521
916 161 453497317
161 2395 175635172
2395 3401 420822433
161 110 333058574
110 252 1044454735
252 631 289414754
631 2985 395117575
252 1612 105627718
252 4040 222189870
4323 4040 178353317
110 1276 556786268
1276 3929 193303567
110 2022 1342913968
4198 2022 481141718
2022 2351 1949273999
2447 2351 76804609
2351 2353 408382732
3270 2353 6220280
2353 3222 361947013
2353 4406 9424040
2351 3666 824907739
3666 4380 393531947
2351 4102 381631731
2022 2706 107675268
87 390 617860255
3611 2746 317569416
2746 929 307235490
929 390 255690360
1538 390 23512801
3591 390 114719948
390 658 373844671
1340 1214 362259523
1214 710 852050600
3733 710 470988304
710 658 896647596
3997 1382 57059800
1382 2620 199575772
1382 658 145309739
3660 658 214876182
658 852 1284144414
852 863 27373938
852 905 886091766
2719 905 12653542
905 1591 404489990
905 2951 538748774
3001 2951 337676717
2951 3166 332989878
3166 4276 404754742
2951 3696 201698180
852 1294 366296703
1294 2905 290206776
390 1113 390668037
3766 1846 196815969
1846 2012 275667332
2012 2233 484162301
1846 1113 347987242
1113 1341 157074692
1341 2642 15150959
1341 2997 43319143
1113 2286 408521485
2328 2286 404137953
2286 2486 756961513
2486 3734 377904666
1113 3535 448230509
23 506 134361034
3885 506 81241149
506 3603 135305974
17 299 275142619
299 2425 158224915
17 787 270699327
2 2327 414792065
2327 2416 690833498
2416 2536 93087213
2416 4033 249687855
2327 3298 120103926
2 3678 148814284
1 3792 1115
